Started GET "/" for 127.0.0.1 at 2017-12-09 10:41:25 -0200
Processing by Rails::WelcomeController#index as HTML
  Rendering /Users/mariaeduardalunardelli/.rbenv/versions/2.3.1/lib/ruby/gems/2.3.0/gems/railties-5.1.4/lib/rails/templates/rails/welcome/index.html.erb
  Rendered /Users/mariaeduardalunardelli/.rbenv/versions/2.3.1/lib/ruby/gems/2.3.0/gems/railties-5.1.4/lib/rails/templates/rails/welcome/index.html.erb (6.2ms)
Completed 200 OK in 664ms (Views: 15.8ms)


Started GET "/" for 127.0.0.1 at 2017-12-09 10:48:03 -0200
Processing by Rails::WelcomeController#index as HTML
  Rendering /Users/mariaeduardalunardelli/.rbenv/versions/2.3.1/lib/ruby/gems/2.3.0/gems/railties-5.1.4/lib/rails/templates/rails/welcome/index.html.erb
  Rendered /Users/mariaeduardalunardelli/.rbenv/versions/2.3.1/lib/ruby/gems/2.3.0/gems/railties-5.1.4/lib/rails/templates/rails/welcome/index.html.erb (26.5ms)
Completed 200 OK in 108ms (Views: 46.9ms)


  [1m[35m (0.3ms)[0m  [1m[34mSELECT sqlite_version(*)[0m
  [1m[35m (2.3ms)[0m  [1m[35mCREATE TABLE "schema_migrations" ("version" varchar NOT NULL PRIMARY KEY)[0m
  [1m[35m (1.7ms)[0m  [1m[35mCREATE TABLE "ar_internal_metadata" ("key" varchar NOT NULL PRIMARY KEY, "value" varchar, "created_at" datetime NOT NULL, "updated_at" datetime NOT NULL)[0m
  [1m[35m (0.2ms)[0m  [1m[34mSELECT "schema_migrations"."version" FROM "schema_migrations" ORDER BY "schema_migrations"."version" ASC[0m
Migrating to CreateIdeas (20171209125055)
  [1m[35m (0.1ms)[0m  [1m[36mbegin transaction[0m
  [1m[35m (0.4ms)[0m  [1m[35mCREATE TABLE "ideas" ("id" INTEGER PRIMARY KEY AUTOINCREMENT NOT NULL, "name" varchar, "description" text, "picture" varchar, "created_at" datetime NOT NULL, "updated_at" datetime NOT NULL)[0m
  [1m[35mSQL (0.3ms)[0m  [1m[32mINSERT INTO "schema_migrations" ("version") VALUES (?)[0m  [["version", "20171209125055"]]
  [1m[35m (2.0ms)[0m  [1m[36mcommit transaction[0m
  [1m[36mActiveRecord::InternalMetadata Load (0.2ms)[0m  [1m[34mSELECT  "ar_internal_metadata".* FROM "ar_internal_metadata" WHERE "ar_internal_metadata"."key" = ? LIMIT ?[0m  [["key", "environment"], ["LIMIT", 1]]
  [1m[35m (0.1ms)[0m  [1m[36mbegin transaction[0m
  [1m[35mSQL (0.4ms)[0m  [1m[32mINSERT INTO "ar_internal_metadata" ("key", "value", "created_at", "updated_at") VALUES (?, ?, ?, ?)[0m  [["key", "environment"], ["value", "development"], ["created_at", "2017-12-09 12:51:37.338914"], ["updated_at", "2017-12-09 12:51:37.338914"]]
  [1m[35m (1.9ms)[0m  [1m[36mcommit transaction[0m
  [1m[35m (0.2ms)[0m  [1m[34mSELECT "schema_migrations"."version" FROM "schema_migrations" ORDER BY "schema_migrations"."version" ASC[0m
Started GET "/ideas" for 127.0.0.1 at 2017-12-09 10:52:17 -0200
  [1m[35m (0.2ms)[0m  [1m[34mSELECT "schema_migrations"."version" FROM "schema_migrations" ORDER BY "schema_migrations"."version" ASC[0m
Processing by IdeasController#index as HTML
  Rendering ideas/index.html.erb within layouts/application
  [1m[36mIdea Load (0.2ms)[0m  [1m[34mSELECT "ideas".* FROM "ideas"[0m
  Rendered ideas/index.html.erb within layouts/application (6.0ms)
Completed 200 OK in 1040ms (Views: 1021.6ms | ActiveRecord: 0.5ms)


Started GET "/ideas/new" for 127.0.0.1 at 2017-12-09 10:52:24 -0200
Processing by IdeasController#new as HTML
  Rendering ideas/new.html.erb within layouts/application
  Rendered ideas/_form.html.erb (56.1ms)
  Rendered ideas/new.html.erb within layouts/application (60.0ms)
Completed 200 OK in 142ms (Views: 88.9ms | ActiveRecord: 0.8ms)


Started POST "/ideas" for 127.0.0.1 at 2017-12-09 10:52:53 -0200
Processing by IdeasController#create as HTML
  Parameters: {"utf8"=>"✓", "authenticity_token"=>"NYXB1ULFka/0/2H/6SRJlkxiVnesO5xA9nCFQvNTTlzH/VLmV4/kmnZ2itR6NhfceMEA/gDOkV2bt/G0ymxLkA==", "idea"=>{"name"=>"RailsGirls", "description"=>"<3", "picture"=>""}, "commit"=>"Create Idea"}
  [1m[35m (0.1ms)[0m  [1m[36mbegin transaction[0m
  [1m[35mSQL (0.7ms)[0m  [1m[32mINSERT INTO "ideas" ("name", "description", "picture", "created_at", "updated_at") VALUES (?, ?, ?, ?, ?)[0m  [["name", "RailsGirls"], ["description", "<3"], ["picture", ""], ["created_at", "2017-12-09 12:52:53.762782"], ["updated_at", "2017-12-09 12:52:53.762782"]]
  [1m[35m (2.2ms)[0m  [1m[36mcommit transaction[0m
Redirected to http://localhost:3000/ideas/1
Completed 302 Found in 12ms (ActiveRecord: 3.0ms)


Started GET "/ideas/1" for 127.0.0.1 at 2017-12-09 10:52:53 -0200
Processing by IdeasController#show as HTML
  Parameters: {"id"=>"1"}
  [1m[36mIdea Load (0.4ms)[0m  [1m[34mSELECT  "ideas".* FROM "ideas" WHERE "ideas"."id" = ? LIMIT ?[0m  [["id", 1], ["LIMIT", 1]]
  Rendering ideas/show.html.erb within layouts/application
  Rendered ideas/show.html.erb within layouts/application (1.5ms)
Completed 200 OK in 53ms (Views: 37.5ms | ActiveRecord: 0.4ms)


Started GET "/ideas/1/edit" for 127.0.0.1 at 2017-12-09 10:53:00 -0200
Processing by IdeasController#edit as HTML
  Parameters: {"id"=>"1"}
  [1m[36mIdea Load (0.2ms)[0m  [1m[34mSELECT  "ideas".* FROM "ideas" WHERE "ideas"."id" = ? LIMIT ?[0m  [["id", 1], ["LIMIT", 1]]
  Rendering ideas/edit.html.erb within layouts/application
  Rendered ideas/_form.html.erb (4.4ms)
  Rendered ideas/edit.html.erb within layouts/application (7.6ms)
Completed 200 OK in 57ms (Views: 46.1ms | ActiveRecord: 0.2ms)


Started GET "/ideas" for 127.0.0.1 at 2017-12-09 10:53:02 -0200
Processing by IdeasController#index as HTML
  Rendering ideas/index.html.erb within layouts/application
  [1m[36mIdea Load (0.8ms)[0m  [1m[34mSELECT "ideas".* FROM "ideas"[0m
  Rendered ideas/index.html.erb within layouts/application (5.1ms)
Completed 200 OK in 45ms (Views: 37.4ms | ActiveRecord: 0.8ms)


Started GET "/ideas/new" for 127.0.0.1 at 2017-12-09 10:53:10 -0200
Processing by IdeasController#new as HTML
  Rendering ideas/new.html.erb within layouts/application
  Rendered ideas/_form.html.erb (4.4ms)
  Rendered ideas/new.html.erb within layouts/application (8.1ms)
Completed 200 OK in 64ms (Views: 54.6ms | ActiveRecord: 0.0ms)


Started GET "/ideas" for 127.0.0.1 at 2017-12-09 10:53:15 -0200
Processing by IdeasController#index as HTML
  Rendering ideas/index.html.erb within layouts/application
  [1m[36mIdea Load (1.1ms)[0m  [1m[34mSELECT "ideas".* FROM "ideas"[0m
  Rendered ideas/index.html.erb within layouts/application (5.8ms)
Completed 200 OK in 57ms (Views: 52.5ms | ActiveRecord: 1.1ms)


Started GET "/ideas" for 127.0.0.1 at 2017-12-09 11:08:47 -0200
Processing by IdeasController#index as HTML
  Rendering ideas/index.html.erb within layouts/application
  [1m[36mIdea Load (2.3ms)[0m  [1m[34mSELECT "ideas".* FROM "ideas"[0m
  Rendered ideas/index.html.erb within layouts/application (31.7ms)
Completed 200 OK in 132ms (Views: 116.0ms | ActiveRecord: 2.3ms)


Started GET "/ideas" for 127.0.0.1 at 2017-12-09 11:12:39 -0200
Processing by IdeasController#index as HTML
  Rendering ideas/index.html.erb within layouts/application
  [1m[36mIdea Load (1.9ms)[0m  [1m[34mSELECT "ideas".* FROM "ideas"[0m
  Rendered ideas/index.html.erb within layouts/application (18.7ms)
Completed 200 OK in 79ms (Views: 65.9ms | ActiveRecord: 1.9ms)


Started GET "/ideas/new" for 127.0.0.1 at 2017-12-09 11:12:55 -0200
Processing by IdeasController#new as HTML
  Rendering ideas/new.html.erb within layouts/application
  Rendered ideas/_form.html.erb (13.6ms)
  Rendered ideas/new.html.erb within layouts/application (19.0ms)
Completed 200 OK in 62ms (Views: 56.5ms | ActiveRecord: 0.0ms)


Started GET "/ideas" for 127.0.0.1 at 2017-12-09 11:13:17 -0200
Processing by IdeasController#index as HTML
  Rendering ideas/index.html.erb within layouts/application
  [1m[36mIdea Load (0.8ms)[0m  [1m[34mSELECT "ideas".* FROM "ideas"[0m
  Rendered ideas/index.html.erb within layouts/application (3.2ms)
Completed 200 OK in 38ms (Views: 35.0ms | ActiveRecord: 0.8ms)


Started GET "/ideas" for 127.0.0.1 at 2017-12-09 11:14:59 -0200
Processing by IdeasController#index as HTML
  Rendering ideas/index.html.erb within layouts/application
  [1m[36mIdea Load (4.5ms)[0m  [1m[34mSELECT "ideas".* FROM "ideas"[0m
  Rendered ideas/index.html.erb within layouts/application (28.3ms)
Completed 200 OK in 161ms (Views: 140.4ms | ActiveRecord: 4.5ms)


Started GET "/ideas" for 127.0.0.1 at 2017-12-09 11:20:06 -0200
Processing by IdeasController#index as HTML
  Rendering ideas/index.html.erb within layouts/application
  [1m[36mIdea Load (3.0ms)[0m  [1m[34mSELECT "ideas".* FROM "ideas"[0m
  Rendered ideas/index.html.erb within layouts/application (26.1ms)
Completed 200 OK in 101ms (Views: 85.8ms | ActiveRecord: 3.0ms)


Started GET "/ideas/new" for 127.0.0.1 at 2017-12-09 11:20:10 -0200
Processing by IdeasController#new as HTML
  Rendering ideas/new.html.erb within layouts/application
  Rendered ideas/_form.html.erb (12.6ms)
  Rendered ideas/new.html.erb within layouts/application (16.4ms)
Completed 200 OK in 69ms (Views: 62.3ms | ActiveRecord: 0.0ms)


Started POST "/ideas" for 127.0.0.1 at 2017-12-09 11:20:12 -0200
Processing by IdeasController#create as HTML
  Parameters: {"utf8"=>"✓", "authenticity_token"=>"oMSY/HMriQSZjfBwjQdWWxG85HYS8oS/Pbz9DutgKDxSvAvPZmH8MRsEG1seFQgRJR+y/74HiaJQe4n40l8t8A==", "idea"=>{"name"=>"", "description"=>"", "picture"=>""}, "commit"=>"Create Idea"}
  [1m[35m (0.2ms)[0m  [1m[36mbegin transaction[0m
  [1m[35mSQL (1.1ms)[0m  [1m[32mINSERT INTO "ideas" ("name", "description", "picture", "created_at", "updated_at") VALUES (?, ?, ?, ?, ?)[0m  [["name", ""], ["description", ""], ["picture", ""], ["created_at", "2017-12-09 13:20:12.332593"], ["updated_at", "2017-12-09 13:20:12.332593"]]
  [1m[35m (7.7ms)[0m  [1m[36mcommit transaction[0m
Redirected to http://localhost:3000/ideas/2
Completed 302 Found in 33ms (ActiveRecord: 9.0ms)


Started GET "/ideas/2" for 127.0.0.1 at 2017-12-09 11:20:12 -0200
Processing by IdeasController#show as HTML
  Parameters: {"id"=>"2"}
  [1m[36mIdea Load (0.3ms)[0m  [1m[34mSELECT  "ideas".* FROM "ideas" WHERE "ideas"."id" = ? LIMIT ?[0m  [["id", 2], ["LIMIT", 1]]
  Rendering ideas/show.html.erb within layouts/application
  Rendered ideas/show.html.erb within layouts/application (1.6ms)
Completed 200 OK in 38ms (Views: 33.2ms | ActiveRecord: 0.3ms)


Started GET "/ideas" for 127.0.0.1 at 2017-12-09 11:20:16 -0200
Processing by IdeasController#index as HTML
  Rendering ideas/index.html.erb within layouts/application
  [1m[36mIdea Load (0.4ms)[0m  [1m[34mSELECT "ideas".* FROM "ideas"[0m
  Rendered ideas/index.html.erb within layouts/application (4.7ms)
Completed 200 OK in 44ms (Views: 36.7ms | ActiveRecord: 0.4ms)


Started GET "/ideas/new" for 127.0.0.1 at 2017-12-09 11:20:19 -0200
Processing by IdeasController#new as HTML
  Rendering ideas/new.html.erb within layouts/application
  Rendered ideas/_form.html.erb (11.3ms)
  Rendered ideas/new.html.erb within layouts/application (17.5ms)
Completed 200 OK in 72ms (Views: 67.6ms | ActiveRecord: 0.0ms)


Started POST "/ideas" for 127.0.0.1 at 2017-12-09 11:20:29 -0200
Processing by IdeasController#create as HTML
  Parameters: {"utf8"=>"✓", "authenticity_token"=>"+zLXrohCMIKKc4kMGv7lWDubAV4ONDX/7afvNkgb+Z4JSkSdnQhFtwj6YieJ7LsSDzhX16LBOOKAYJvAcST8Ug==", "idea"=>{"name"=>"", "description"=>"", "picture"=>"duda"}, "commit"=>"Create Idea"}
  [1m[35m (0.2ms)[0m  [1m[36mbegin transaction[0m
  [1m[35mSQL (0.5ms)[0m  [1m[32mINSERT INTO "ideas" ("name", "description", "picture", "created_at", "updated_at") VALUES (?, ?, ?, ?, ?)[0m  [["name", ""], ["description", ""], ["picture", "duda"], ["created_at", "2017-12-09 13:20:29.268441"], ["updated_at", "2017-12-09 13:20:29.268441"]]
  [1m[35m (5.5ms)[0m  [1m[36mcommit transaction[0m
Redirected to http://localhost:3000/ideas/3
Completed 302 Found in 13ms (ActiveRecord: 6.2ms)


Started GET "/ideas/3" for 127.0.0.1 at 2017-12-09 11:20:29 -0200
Processing by IdeasController#show as HTML
  Parameters: {"id"=>"3"}
  [1m[36mIdea Load (0.3ms)[0m  [1m[34mSELECT  "ideas".* FROM "ideas" WHERE "ideas"."id" = ? LIMIT ?[0m  [["id", 3], ["LIMIT", 1]]
  Rendering ideas/show.html.erb within layouts/application
  Rendered ideas/show.html.erb within layouts/application (2.3ms)
Completed 200 OK in 76ms (Views: 70.5ms | ActiveRecord: 0.3ms)


Started GET "/ideas" for 127.0.0.1 at 2017-12-09 11:20:43 -0200
Processing by IdeasController#index as HTML
  Rendering ideas/index.html.erb within layouts/application
  [1m[36mIdea Load (0.2ms)[0m  [1m[34mSELECT "ideas".* FROM "ideas"[0m
  Rendered ideas/index.html.erb within layouts/application (3.8ms)
Completed 200 OK in 52ms (Views: 46.4ms | ActiveRecord: 0.2ms)


Started DELETE "/ideas/3" for 127.0.0.1 at 2017-12-09 11:20:48 -0200
Processing by IdeasController#destroy as HTML
  Parameters: {"authenticity_token"=>"9uE+HSDdN7oBbu7wZaDly9GJBMluQ3QzQQ9PZ7q8QL7r4O8Dm4y4FESdPPaZcbEv2NURu1ypW1hcEnVsyPIK0w==", "id"=>"3"}
  [1m[36mIdea Load (0.2ms)[0m  [1m[34mSELECT  "ideas".* FROM "ideas" WHERE "ideas"."id" = ? LIMIT ?[0m  [["id", 3], ["LIMIT", 1]]
  [1m[35m (0.1ms)[0m  [1m[36mbegin transaction[0m
  [1m[35mSQL (0.4ms)[0m  [1m[31mDELETE FROM "ideas" WHERE "ideas"."id" = ?[0m  [["id", 3]]
  [1m[35m (50.4ms)[0m  [1m[36mcommit transaction[0m
Redirected to http://localhost:3000/ideas
Completed 302 Found in 61ms (ActiveRecord: 51.1ms)


Started GET "/ideas" for 127.0.0.1 at 2017-12-09 11:20:48 -0200
Processing by IdeasController#index as HTML
  Rendering ideas/index.html.erb within layouts/application
  [1m[36mIdea Load (0.4ms)[0m  [1m[34mSELECT "ideas".* FROM "ideas"[0m
  Rendered ideas/index.html.erb within layouts/application (6.2ms)
Completed 200 OK in 161ms (Views: 157.0ms | ActiveRecord: 0.4ms)


Started DELETE "/ideas/2" for 127.0.0.1 at 2017-12-09 11:20:51 -0200
Processing by IdeasController#destroy as HTML
  Parameters: {"authenticity_token"=>"U3CIBZ8WVSurt3d0y5/TTh98P8wugg2rvNGYDDCKRpFOcVkbJEfahe5EpXI3ToeqFiAqvhxoIsChzKIHQsQM/A==", "id"=>"2"}
  [1m[36mIdea Load (0.1ms)[0m  [1m[34mSELECT  "ideas".* FROM "ideas" WHERE "ideas"."id" = ? LIMIT ?[0m  [["id", 2], ["LIMIT", 1]]
  [1m[35m (0.1ms)[0m  [1m[36mbegin transaction[0m
  [1m[35mSQL (0.3ms)[0m  [1m[31mDELETE FROM "ideas" WHERE "ideas"."id" = ?[0m  [["id", 2]]
  [1m[35m (10.1ms)[0m  [1m[36mcommit transaction[0m
Redirected to http://localhost:3000/ideas
Completed 302 Found in 15ms (ActiveRecord: 10.7ms)


Started GET "/ideas" for 127.0.0.1 at 2017-12-09 11:20:51 -0200
Processing by IdeasController#index as HTML
  Rendering ideas/index.html.erb within layouts/application
  [1m[36mIdea Load (0.5ms)[0m  [1m[34mSELECT "ideas".* FROM "ideas"[0m
  Rendered ideas/index.html.erb within layouts/application (5.4ms)
Completed 200 OK in 81ms (Views: 67.2ms | ActiveRecord: 0.5ms)


Started GET "/ideas" for 127.0.0.1 at 2017-12-09 11:27:51 -0200
  [1m[35m (0.2ms)[0m  [1m[34mSELECT "schema_migrations"."version" FROM "schema_migrations" ORDER BY "schema_migrations"."version" ASC[0m
Processing by IdeasController#index as HTML
  Rendering ideas/index.html.erb within layouts/application
  [1m[36mIdea Load (0.2ms)[0m  [1m[34mSELECT "ideas".* FROM "ideas"[0m
  Rendered ideas/index.html.erb within layouts/application (14.9ms)
Completed 200 OK in 492ms (Views: 466.1ms | ActiveRecord: 0.9ms)


Started GET "/ideas/new" for 127.0.0.1 at 2017-12-09 11:27:56 -0200
Processing by IdeasController#new as HTML
  Rendering ideas/new.html.erb within layouts/application
  Rendered ideas/_form.html.erb (54.1ms)
  Rendered ideas/new.html.erb within layouts/application (62.4ms)
Completed 200 OK in 123ms (Views: 113.1ms | ActiveRecord: 0.0ms)


Started POST "/ideas" for 127.0.0.1 at 2017-12-09 11:29:11 -0200
Processing by IdeasController#create as HTML
  Parameters: {"utf8"=>"✓", "authenticity_token"=>"zlXj+m40bcrJaC161V1pF8RaQ9q72r0WarKMR6N0si48LXDJe34Y/0vhxlFGTzdd8PkVUxcvsAsHdfixmku34g==", "idea"=>{"name"=>"", "description"=>"", "picture"=>#<ActionDispatch::Http::UploadedFile:0x007ffd4b8a9260 @tempfile=#<Tempfile:/var/folders/hd/p_7ydy7j3pl4f5rq1zfw9j2m0000gn/T/RackMultipart20171209-46420-12t6tnr.JPG>, @original_filename="GOPR0004.JPG", @content_type="image/jpeg", @headers="Content-Disposition: form-data; name=\"idea[picture]\"; filename=\"GOPR0004.JPG\"\r\nContent-Type: image/jpeg\r\n">}, "commit"=>"Create Idea"}
  [1m[35m (0.6ms)[0m  [1m[36mbegin transaction[0m
  [1m[35mSQL (0.9ms)[0m  [1m[32mINSERT INTO "ideas" ("name", "description", "picture", "created_at", "updated_at") VALUES (?, ?, ?, ?, ?)[0m  [["name", ""], ["description", ""], ["picture", "GOPR0004.JPG"], ["created_at", "2017-12-09 13:29:11.559429"], ["updated_at", "2017-12-09 13:29:11.559429"]]
  [1m[35m (86.3ms)[0m  [1m[36mcommit transaction[0m
Redirected to http://localhost:3000/ideas/4
Completed 302 Found in 207ms (ActiveRecord: 88.8ms)


Started GET "/ideas/4" for 127.0.0.1 at 2017-12-09 11:29:11 -0200
Processing by IdeasController#show as HTML
  Parameters: {"id"=>"4"}
  [1m[36mIdea Load (0.4ms)[0m  [1m[34mSELECT  "ideas".* FROM "ideas" WHERE "ideas"."id" = ? LIMIT ?[0m  [["id", 4], ["LIMIT", 1]]
  Rendering ideas/show.html.erb within layouts/application
  Rendered ideas/show.html.erb within layouts/application (3.4ms)
Completed 200 OK in 130ms (Views: 38.9ms | ActiveRecord: 0.4ms)


Started GET "/ideas/new" for 127.0.0.1 at 2017-12-09 11:31:28 -0200
Processing by IdeasController#new as HTML
  Rendering ideas/new.html.erb within layouts/application
  Rendered ideas/_form.html.erb (15.4ms)
  Rendered ideas/new.html.erb within layouts/application (23.9ms)
Completed 200 OK in 132ms (Views: 108.0ms | ActiveRecord: 0.0ms)


Started POST "/ideas" for 127.0.0.1 at 2017-12-09 11:31:51 -0200
Processing by IdeasController#create as HTML
  Parameters: {"utf8"=>"✓", "authenticity_token"=>"hhbrIptkDiM0BuMbS0c/ZKJJWdpak150RAQWpspxIR2bFzo8IDWBjXH1MR23lmuAqxVMqGh5cR9ZGSytuD9rcA==", "idea"=>{"name"=>"paris ", "description"=>"<3", "picture"=>#<ActionDispatch::Http::UploadedFile:0x007ffd4f258d80 @tempfile=#<Tempfile:/var/folders/hd/p_7ydy7j3pl4f5rq1zfw9j2m0000gn/T/RackMultipart20171209-46420-1dcrqzh.JPG>, @original_filename="GOPR0004.JPG", @content_type="image/jpeg", @headers="Content-Disposition: form-data; name=\"idea[picture]\"; filename=\"GOPR0004.JPG\"\r\nContent-Type: image/jpeg\r\n">}, "commit"=>"Create Idea"}
  [1m[35m (1.0ms)[0m  [1m[36mbegin transaction[0m
  [1m[35mSQL (1.0ms)[0m  [1m[32mINSERT INTO "ideas" ("name", "description", "picture", "created_at", "updated_at") VALUES (?, ?, ?, ?, ?)[0m  [["name", "paris "], ["description", "<3"], ["picture", "GOPR0004.JPG"], ["created_at", "2017-12-09 13:31:51.387266"], ["updated_at", "2017-12-09 13:31:51.387266"]]
  [1m[35m (1.6ms)[0m  [1m[36mcommit transaction[0m
Redirected to http://localhost:3000/ideas/5
Completed 302 Found in 74ms (ActiveRecord: 3.5ms)


Started GET "/ideas/5" for 127.0.0.1 at 2017-12-09 11:31:51 -0200
Processing by IdeasController#show as HTML
  Parameters: {"id"=>"5"}
  [1m[36mIdea Load (0.2ms)[0m  [1m[34mSELECT  "ideas".* FROM "ideas" WHERE "ideas"."id" = ? LIMIT ?[0m  [["id", 5], ["LIMIT", 1]]
  Rendering ideas/show.html.erb within layouts/application
  Rendered ideas/show.html.erb within layouts/application (2.5ms)
Completed 200 OK in 73ms (Views: 69.4ms | ActiveRecord: 0.2ms)


Started GET "/ideas/5" for 127.0.0.1 at 2017-12-09 11:33:47 -0200
Processing by IdeasController#show as HTML
  Parameters: {"id"=>"5"}
  [1m[36mIdea Load (0.2ms)[0m  [1m[34mSELECT  "ideas".* FROM "ideas" WHERE "ideas"."id" = ? LIMIT ?[0m  [["id", 5], ["LIMIT", 1]]
  Rendering ideas/show.html.erb within layouts/application
  Rendered ideas/show.html.erb within layouts/application (1.8ms)
Completed 200 OK in 30ms (Views: 26.1ms | ActiveRecord: 0.2ms)


Started GET "/" for 127.0.0.1 at 2017-12-09 11:33:48 -0200
Processing by Rails::WelcomeController#index as HTML
  Rendering /Users/mariaeduardalunardelli/.rbenv/versions/2.3.1/lib/ruby/gems/2.3.0/gems/railties-5.1.4/lib/rails/templates/rails/welcome/index.html.erb
  Rendered /Users/mariaeduardalunardelli/.rbenv/versions/2.3.1/lib/ruby/gems/2.3.0/gems/railties-5.1.4/lib/rails/templates/rails/welcome/index.html.erb (3.7ms)
Completed 200 OK in 25ms (Views: 7.2ms | ActiveRecord: 0.0ms)


Started GET "/" for 127.0.0.1 at 2017-12-09 11:33:48 -0200
Processing by Rails::WelcomeController#index as HTML
  Rendering /Users/mariaeduardalunardelli/.rbenv/versions/2.3.1/lib/ruby/gems/2.3.0/gems/railties-5.1.4/lib/rails/templates/rails/welcome/index.html.erb
  Rendered /Users/mariaeduardalunardelli/.rbenv/versions/2.3.1/lib/ruby/gems/2.3.0/gems/railties-5.1.4/lib/rails/templates/rails/welcome/index.html.erb (6.3ms)
Completed 200 OK in 13ms (Views: 9.7ms | ActiveRecord: 0.0ms)


Started GET "/" for 127.0.0.1 at 2017-12-09 11:33:54 -0200
Processing by Rails::WelcomeController#index as HTML
  Rendering /Users/mariaeduardalunardelli/.rbenv/versions/2.3.1/lib/ruby/gems/2.3.0/gems/railties-5.1.4/lib/rails/templates/rails/welcome/index.html.erb
  Rendered /Users/mariaeduardalunardelli/.rbenv/versions/2.3.1/lib/ruby/gems/2.3.0/gems/railties-5.1.4/lib/rails/templates/rails/welcome/index.html.erb (3.4ms)
Completed 200 OK in 10ms (Views: 6.4ms | ActiveRecord: 0.0ms)


Started GET "/" for 127.0.0.1 at 2017-12-09 11:34:05 -0200
Processing by Rails::WelcomeController#index as HTML
  Rendering /Users/mariaeduardalunardelli/.rbenv/versions/2.3.1/lib/ruby/gems/2.3.0/gems/railties-5.1.4/lib/rails/templates/rails/welcome/index.html.erb
  Rendered /Users/mariaeduardalunardelli/.rbenv/versions/2.3.1/lib/ruby/gems/2.3.0/gems/railties-5.1.4/lib/rails/templates/rails/welcome/index.html.erb (3.4ms)
Completed 200 OK in 12ms (Views: 6.5ms | ActiveRecord: 0.0ms)


Started GET "/" for 127.0.0.1 at 2017-12-09 11:34:19 -0200
Started GET "/ideas" for 127.0.0.1 at 2017-12-09 11:34:19 -0200
Processing by IdeasController#index as HTML
  Rendering ideas/index.html.erb within layouts/application
  [1m[36mIdea Load (0.5ms)[0m  [1m[34mSELECT "ideas".* FROM "ideas"[0m
  Rendered ideas/index.html.erb within layouts/application (32.0ms)
Completed 200 OK in 103ms (Views: 84.0ms | ActiveRecord: 2.9ms)


Started DELETE "/ideas/4" for 127.0.0.1 at 2017-12-09 11:34:31 -0200
Processing by IdeasController#destroy as HTML
  Parameters: {"authenticity_token"=>"FttYfNv7OWN+EG85IlFIv8Bv+zXdDYzGpI9lnC2rsYEL2oliYKq2zTvjvT/egBxbyTPuR+/no625kl+XX+X77A==", "id"=>"4"}
  [1m[36mIdea Load (0.5ms)[0m  [1m[34mSELECT  "ideas".* FROM "ideas" WHERE "ideas"."id" = ? LIMIT ?[0m  [["id", 4], ["LIMIT", 1]]
  [1m[35m (0.9ms)[0m  [1m[36mbegin transaction[0m
  [1m[35mSQL (0.4ms)[0m  [1m[31mDELETE FROM "ideas" WHERE "ideas"."id" = ?[0m  [["id", 4]]
  [1m[35m (2.2ms)[0m  [1m[36mcommit transaction[0m
Redirected to http://localhost:3000/ideas
Completed 302 Found in 65ms (ActiveRecord: 3.9ms)


Started GET "/ideas" for 127.0.0.1 at 2017-12-09 11:34:31 -0200
Processing by IdeasController#index as HTML
  Rendering ideas/index.html.erb within layouts/application
  [1m[36mIdea Load (0.3ms)[0m  [1m[34mSELECT "ideas".* FROM "ideas"[0m
  Rendered ideas/index.html.erb within layouts/application (4.2ms)
Completed 200 OK in 199ms (Views: 98.8ms | ActiveRecord: 0.3ms)


Started GET "/ideas/5" for 127.0.0.1 at 2017-12-09 11:34:35 -0200
Processing by IdeasController#show as HTML
  Parameters: {"id"=>"5"}
  [1m[36mIdea Load (0.2ms)[0m  [1m[34mSELECT  "ideas".* FROM "ideas" WHERE "ideas"."id" = ? LIMIT ?[0m  [["id", 5], ["LIMIT", 1]]
  Rendering ideas/show.html.erb within layouts/application
  Rendered ideas/show.html.erb within layouts/application (1.6ms)
Completed 200 OK in 43ms (Views: 28.5ms | ActiveRecord: 0.2ms)


Started GET "/ideas" for 127.0.0.1 at 2017-12-09 11:34:49 -0200
Processing by IdeasController#index as HTML
  Rendering ideas/index.html.erb within layouts/application
  [1m[36mIdea Load (1.3ms)[0m  [1m[34mSELECT "ideas".* FROM "ideas"[0m
  Rendered ideas/index.html.erb within layouts/application (22.8ms)
Completed 200 OK in 134ms (Views: 118.5ms | ActiveRecord: 1.3ms)


Started GET "/ideas/3" for 127.0.0.1 at 2017-12-09 11:34:52 -0200
Processing by IdeasController#show as HTML
  Parameters: {"id"=>"3"}
  [1m[36mIdea Load (0.2ms)[0m  [1m[34mSELECT  "ideas".* FROM "ideas" WHERE "ideas"."id" = ? LIMIT ?[0m  [["id", 3], ["LIMIT", 1]]
Completed 404 Not Found in 4ms (ActiveRecord: 0.2ms)


  
ActiveRecord::RecordNotFound (Couldn't find Idea with 'id'=3):
  
app/controllers/ideas_controller.rb:67:in `set_idea'
Started GET "/ideas" for 127.0.0.1 at 2017-12-09 11:34:58 -0200
Processing by IdeasController#index as HTML
  Rendering ideas/index.html.erb within layouts/application
  [1m[36mIdea Load (0.6ms)[0m  [1m[34mSELECT "ideas".* FROM "ideas"[0m
  Rendered ideas/index.html.erb within layouts/application (4.5ms)
Completed 200 OK in 30ms (Views: 25.7ms | ActiveRecord: 0.6ms)


Started GET "/ideas" for 127.0.0.1 at 2017-12-09 11:39:34 -0200
  [1m[35m (0.4ms)[0m  [1m[34mSELECT "schema_migrations"."version" FROM "schema_migrations" ORDER BY "schema_migrations"."version" ASC[0m
Processing by IdeasController#index as HTML
  Rendering ideas/index.html.erb within layouts/application
  [1m[36mIdea Load (0.9ms)[0m  [1m[34mSELECT "ideas".* FROM "ideas"[0m
  Rendered ideas/index.html.erb within layouts/application (32.3ms)
Completed 200 OK in 584ms (Views: 525.6ms | ActiveRecord: 2.7ms)


Started GET "/" for 127.0.0.1 at 2017-12-09 11:42:10 -0200
  [1m[35m (0.3ms)[0m  [1m[34mSELECT "schema_migrations"."version" FROM "schema_migrations" ORDER BY "schema_migrations"."version" ASC[0m
Started GET "/ideas" for 127.0.0.1 at 2017-12-09 11:42:11 -0200
Processing by IdeasController#index as HTML
  Rendering ideas/index.html.erb within layouts/application
  [1m[36mIdea Load (0.2ms)[0m  [1m[34mSELECT "ideas".* FROM "ideas"[0m
  Rendered ideas/index.html.erb within layouts/application (15.3ms)
Completed 200 OK in 455ms (Views: 422.2ms | ActiveRecord: 0.9ms)


Started GET "/ideas/5" for 127.0.0.1 at 2017-12-09 11:43:01 -0200
Processing by IdeasController#show as HTML
  Parameters: {"id"=>"5"}
  [1m[36mIdea Load (0.5ms)[0m  [1m[34mSELECT  "ideas".* FROM "ideas" WHERE "ideas"."id" = ? LIMIT ?[0m  [["id", 5], ["LIMIT", 1]]
  Rendering ideas/show.html.erb within layouts/application
  Rendered ideas/show.html.erb within layouts/application (3.0ms)
Completed 200 OK in 96ms (Views: 78.3ms | ActiveRecord: 0.5ms)


Started GET "/" for 127.0.0.1 at 2017-12-09 11:43:24 -0200
Started GET "/ideas" for 127.0.0.1 at 2017-12-09 11:43:24 -0200
Processing by IdeasController#index as HTML
  Rendering ideas/index.html.erb within layouts/application
  [1m[36mIdea Load (0.2ms)[0m  [1m[34mSELECT "ideas".* FROM "ideas"[0m
  Rendered ideas/index.html.erb within layouts/application (2.7ms)
Completed 200 OK in 27ms (Views: 23.2ms | ActiveRecord: 0.2ms)


Started GET "/pages/info" for 127.0.0.1 at 2017-12-09 11:46:05 -0200
  
ActionController::RoutingError (No route matches [GET] "/pages/info"):
  
actionpack (5.1.4) lib/action_dispatch/middleware/debug_exceptions.rb:63:in `call'
web-console (3.5.1) lib/web_console/middleware.rb:135:in `call_app'
web-console (3.5.1) lib/web_console/middleware.rb:28:in `block in call'
web-console (3.5.1) lib/web_console/middleware.rb:18:in `catch'
web-console (3.5.1) lib/web_console/middleware.rb:18:in `call'
actionpack (5.1.4) lib/action_dispatch/middleware/show_exceptions.rb:31:in `call'
railties (5.1.4) lib/rails/rack/logger.rb:36:in `call_app'
railties (5.1.4) lib/rails/rack/logger.rb:24:in `block in call'
activesupport (5.1.4) lib/active_support/tagged_logging.rb:69:in `block in tagged'
activesupport (5.1.4) lib/active_support/tagged_logging.rb:26:in `tagged'
activesupport (5.1.4) lib/active_support/tagged_logging.rb:69:in `tagged'
railties (5.1.4) lib/rails/rack/logger.rb:24:in `call'
sprockets-rails (3.2.1) lib/sprockets/rails/quiet_assets.rb:13:in `call'
actionpack (5.1.4) lib/action_dispatch/middleware/remote_ip.rb:79:in `call'
actionpack (5.1.4) lib/action_dispatch/middleware/request_id.rb:25:in `call'
rack (2.0.3) lib/rack/method_override.rb:22:in `call'
rack (2.0.3) lib/rack/runtime.rb:22:in `call'
activesupport (5.1.4) lib/active_support/cache/strategy/local_cache_middleware.rb:27:in `call'
actionpack (5.1.4) lib/action_dispatch/middleware/executor.rb:12:in `call'
actionpack (5.1.4) lib/action_dispatch/middleware/static.rb:125:in `call'
rack (2.0.3) lib/rack/sendfile.rb:111:in `call'
railties (5.1.4) lib/rails/engine.rb:522:in `call'
puma (3.11.0) lib/puma/configuration.rb:225:in `call'
puma (3.11.0) lib/puma/server.rb:624:in `handle_request'
puma (3.11.0) lib/puma/server.rb:438:in `process_client'
puma (3.11.0) lib/puma/server.rb:302:in `block in run'
puma (3.11.0) lib/puma/thread_pool.rb:120:in `block in spawn_thread'
Started GET "/pages/info" for 127.0.0.1 at 2017-12-09 11:49:04 -0200
  [1m[35m (0.2ms)[0m  [1m[34mSELECT "schema_migrations"."version" FROM "schema_migrations" ORDER BY "schema_migrations"."version" ASC[0m
Processing by PagesController#info as HTML
  Rendering pages/info.html.erb within layouts/application
  Rendered pages/info.html.erb within layouts/application (2.3ms)
Completed 200 OK in 421ms (Views: 409.7ms | ActiveRecord: 0.0ms)


Started GET "/pages/info" for 127.0.0.1 at 2017-12-09 11:50:10 -0200
Processing by PagesController#info as HTML
  Rendering pages/info.html.erb within layouts/application
  Rendered pages/info.html.erb within layouts/application (0.3ms)
Completed 200 OK in 70ms (Views: 67.6ms | ActiveRecord: 0.0ms)


Started GET "/pages/info" for 127.0.0.1 at 2017-12-09 11:50:56 -0200
Processing by PagesController#info as HTML
  Rendering pages/info.html.erb within layouts/application
  Rendered pages/info.html.erb within layouts/application (0.4ms)
Completed 200 OK in 25ms (Views: 22.9ms | ActiveRecord: 0.0ms)


Started GET "/" for 127.0.0.1 at 2017-12-09 14:32:23 -0200
  [1m[35m (0.2ms)[0m  [1m[34mSELECT "schema_migrations"."version" FROM "schema_migrations" ORDER BY "schema_migrations"."version" ASC[0m
Started GET "/ideas" for 127.0.0.1 at 2017-12-09 14:32:24 -0200
Processing by IdeasController#index as HTML
  Rendering ideas/index.html.erb within layouts/application
  [1m[36mIdea Load (0.2ms)[0m  [1m[34mSELECT "ideas".* FROM "ideas"[0m
  Rendered ideas/index.html.erb within layouts/application (19.7ms)
Completed 200 OK in 370ms (Views: 348.2ms | ActiveRecord: 0.9ms)


Started GET "/ideas/5" for 127.0.0.1 at 2017-12-09 14:32:55 -0200
Processing by IdeasController#show as HTML
  Parameters: {"id"=>"5"}
  [1m[36mIdea Load (0.4ms)[0m  [1m[34mSELECT  "ideas".* FROM "ideas" WHERE "ideas"."id" = ? LIMIT ?[0m  [["id", 5], ["LIMIT", 1]]
  Rendering ideas/show.html.erb within layouts/application
  Rendered ideas/show.html.erb within layouts/application (3.2ms)
Completed 200 OK in 73ms (Views: 59.3ms | ActiveRecord: 0.4ms)


  [1m[35m (0.2ms)[0m  [1m[34mSELECT "schema_migrations"."version" FROM "schema_migrations" ORDER BY "schema_migrations"."version" ASC[0m
Migrating to CreateComments (20171209170852)
  [1m[35m (0.1ms)[0m  [1m[36mbegin transaction[0m
  [1m[35m (0.6ms)[0m  [1m[34mSELECT sqlite_version(*)[0m
  [1m[35m (0.5ms)[0m  [1m[35mCREATE TABLE "comments" ("id" INTEGER PRIMARY KEY AUTOINCREMENT NOT NULL, "user_name" varchar, "body" text, "idea_id" integer, "created_at" datetime NOT NULL, "updated_at" datetime NOT NULL)[0m
  [1m[35mSQL (0.2ms)[0m  [1m[32mINSERT INTO "schema_migrations" ("version") VALUES (?)[0m  [["version", "20171209170852"]]
  [1m[35m (2.3ms)[0m  [1m[36mcommit transaction[0m
  [1m[36mActiveRecord::InternalMetadata Load (0.2ms)[0m  [1m[34mSELECT  "ar_internal_metadata".* FROM "ar_internal_metadata" WHERE "ar_internal_metadata"."key" = ? LIMIT ?[0m  [["key", "environment"], ["LIMIT", 1]]
  [1m[35m (0.1ms)[0m  [1m[36mbegin transaction[0m
  [1m[35m (0.0ms)[0m  [1m[36mcommit transaction[0m
  [1m[35m (0.1ms)[0m  [1m[34mSELECT "schema_migrations"."version" FROM "schema_migrations" ORDER BY "schema_migrations"."version" ASC[0m
